<?xml version="1.0" encoding="UTF-8"?>
<testng-results ignored="0" total="2" passed="2" failed="0" skipped="0">
  <reporter-output>
  </reporter-output>
  <suite started-at="2024-03-02T17:18:38 IST" name="Default suite" finished-at="2024-03-02T17:19:08 IST" duration-ms="29948">
    <groups>
    </groups>
    <test started-at="2024-03-02T17:18:38 IST" name="Default test" finished-at="2024-03-02T17:19:08 IST" duration-ms="29948">
      <class name="com.orangehrm.testcases.LoginPageTest">
        <test-method is-config="true" signature="loadConfig()[pri:0, instance:com.orangehrm.testcases.LoginPageTest@3e08ff24]" started-at="2024-03-02T17:18:37 IST" name="loadConfig" finished-at="2024-03-02T17:18:38 IST" duration-ms="296" status="PASS">
          <reporter-output>
          </reporter-output>
        </test-method> <!-- loadConfig -->
        <test-method is-config="true" signature="setup()[pri:0, instance:com.orangehrm.testcases.LoginPageTest@3e08ff24]" started-at="2024-03-02T17:18:38 IST" name="setup" finished-at="2024-03-02T17:18:54 IST" duration-ms="16129" status="PASS">
          <reporter-output>
          </reporter-output>
        </test-method> <!-- setup -->
        <test-method signature="checkLogoTest()[pri:1, instance:com.orangehrm.testcases.LoginPageTest@3e08ff24]" started-at="2024-03-02T17:18:54 IST" name="checkLogoTest" finished-at="2024-03-02T17:18:59 IST" duration-ms="4623" status="PASS">
          <reporter-output>
          </reporter-output>
        </test-method> <!-- checkLogoTest -->
        <test-method signature="checkLoginTest(java.lang.String,java.lang.String)[pri:2, instance:com.orangehrm.testcases.LoginPageTest@3e08ff24]" started-at="2024-03-02T17:19:00 IST" name="checkLoginTest" data-provider="Credentials" finished-at="2024-03-02T17:19:07 IST" duration-ms="6799" status="PASS">
          <params>
            <param index="0">
              <value>
                <![CDATA[Admin]]>
              </value>
            </param>
            <param index="1">
              <value>
                <![CDATA[admin123]]>
              </value>
            </param>
          </params>
          <reporter-output>
          </reporter-output>
        </test-method> <!-- checkLoginTest -->
        <test-method is-config="true" signature="teardown()[pri:0, instance:com.orangehrm.testcases.LoginPageTest@3e08ff24]" started-at="2024-03-02T17:19:07 IST" name="teardown" finished-at="2024-03-02T17:19:08 IST" duration-ms="803" status="PASS">
          <reporter-output>
          </reporter-output>
        </test-method> <!-- teardown -->
        <test-method is-config="true" signature="afterSuite()[pri:0, instance:com.orangehrm.testcases.LoginPageTest@3e08ff24]" started-at="2024-03-02T17:19:08 IST" name="afterSuite" finished-at="2024-03-02T17:19:08 IST" duration-ms="1" status="PASS">
          <reporter-output>
          </reporter-output>
        </test-method> <!-- afterSuite -->
      </class> <!-- com.orangehrm.testcases.LoginPageTest -->
    </test> <!-- Default test -->
  </suite> <!-- Default suite -->
</testng-results>
